2016-10-12 11:16:34,501 - os.name - Windows 10
2016-10-12 11:16:34,502 - os.arch - amd64
2016-10-12 11:16:34,502 - os.version - 10.0
2016-10-12 11:16:34,502 - java.version - 1.8.0_102
2016-10-12 11:16:34,502 - java.vendor - Oracle Corporation
2016-10-12 11:16:34,502 - java.vendor.url - http://java.oracle.com/
2016-10-12 11:16:34,502 - java.home - C:\Program Files\Java\jre1.8.0_102
2016-10-12 11:16:34,502 - java.vm.specification.name - Java Virtual Machine Specification
2016-10-12 11:16:34,502 - java.vm.specification.vendor - Oracle Corporation
2016-10-12 11:16:34,502 - java.vm.specification.version - 1.8
2016-10-12 11:16:34,502 - java.class.path - C:\Program Files (x86)\eclipse\\plugins/org.eclipse.equinox.launcher_1.3.200.v20160318-1642.jar
2016-10-12 11:16:34,502 - java.library.path - C:\Program Files (x86)\eclipse;C:\WINDOWS\Sun\Java\bin;C:\WINDOWS\system32;C:\WINDOWS;C:/Program Files/Java/jre1.8.0_102/bin/server;C:/Program Files/Java/jre1.8.0_102/bin;C:/Program Files/Java/jre1.8.0_102/lib/amd64;C:\ProgramData\Oracle\Java\javapath;C:\WINDOWS\system32;C:\WINDOWS;C:\WINDOWS\System32\Wbem;C:\WINDOWS\System32\WindowsPowerShell\v1.0\;C:\Program Files (x86)\Skype\Phone\;C:\Program Files\Intel\WiFi\bin\;C:\Program Files\Common Files\Intel\WirelessCommon\;C:\AndroidStudio_etc\apache-maven-3.3.9\bin;C:\Users\mail\AppData\Local\Android\sdk\platform-tools;C:\Users\mail\AppData\Local\Android\sdk\tools;C:\Program Files (x86)\apache-ant-1.9.7\bin;C:\Program Files\Java\jdk1.8.0_102\bin;C:\Users\mail\AppData\Local\GitHub\PortableGit_284a859b0e6deba86edc624fef1e4db2aa8241a9\cmd;C:\Program Files (x86)\HMA! Pro VPN\bin;C:\Users\mail\AppData\Local\Microsoft\WindowsApps;C:\Program Files (x86)\eclipse;;.
2016-10-12 11:16:34,502 - --------------------------------------
2016-10-12 11:16:34,502 - ## Eclipse Plug-ins Log Information ##
2016-10-12 11:16:34,503 - --------------------------------------
2016-10-12 11:16:34,512 - javax.el - 2.2.0.v201303151357
2016-10-12 11:16:34,513 - javax.servlet - 3.1.0.v201410161800
2016-10-12 11:16:34,513 - javax.servlet.jsp - 2.2.0.v201112011158
2016-10-12 11:16:34,514 - com.sun.el - 2.2.0.v201303151357
2016-10-12 11:16:34,514 - org.apache.commons.logging - 1.1.1.v201101211721
2016-10-12 11:16:34,515 - org.apache.jasper.glassfish - 2.2.2.v201501141630
2016-10-12 11:16:34,517 - org.apache.lucene.analysis - 3.5.0.v20120725-1805
2016-10-12 11:16:34,522 - org.apache.lucene.core - 3.5.0.v20120725-1805
2016-10-12 11:16:34,523 - org.eclipse.equinox.http.jetty - 3.3.0.v20160324-1850
2016-10-12 11:16:34,524 - org.eclipse.equinox.http.registry - 1.1.400.v20150715-1528
2016-10-12 11:16:34,524 - org.eclipse.equinox.http.servlet - 1.3.0.v20160517-1559
2016-10-12 11:16:34,525 - org.eclipse.equinox.jsp.jasper - 1.0.500.v20150119-1358
2016-10-12 11:16:34,525 - org.eclipse.equinox.jsp.jasper.registry - 1.0.300.v20130327-1442
2016-10-12 11:16:34,525 - org.eclipse.help.base - 4.1.0.v20160606-1100
2016-10-12 11:16:34,526 - org.eclipse.help.ui - 4.0.200.v20160510-0758
2016-10-12 11:16:34,527 - org.eclipse.help.webapp - 3.8.0.v20160504-0839
2016-10-12 11:16:34,528 - org.eclipse.jetty.continuation - 9.3.9.v20160517
2016-10-12 11:16:34,529 - org.eclipse.jetty.http - 9.3.9.v20160517
2016-10-12 11:16:34,530 - org.eclipse.jetty.io - 9.3.9.v20160517
2016-10-12 11:16:34,531 - org.eclipse.jetty.security - 9.3.9.v20160517
2016-10-12 11:16:34,533 - org.eclipse.jetty.server - 9.3.9.v20160517
2016-10-12 11:16:34,534 - org.eclipse.jetty.servlet - 9.3.9.v20160517
2016-10-12 11:16:34,536 - org.eclipse.jetty.util - 9.3.9.v20160517
2016-10-12 11:16:34,536 - org.eclipse.core.net - 1.3.0.v20160418-1534
2016-10-12 11:16:34,537 - org.eclipse.equinox.security - 1.2.200.v20150715-1528
2016-10-12 11:16:34,544 - org.eclipse.wb.os - 1.9.0.201608250402
2016-10-12 11:16:34,545 - org.eclipse.wb.runtime - 1.9.0.201608250402
2016-10-12 11:16:34,548 - org.eclipse.wb.runtime.lib - 1.9.0.201608250402
2016-10-12 11:16:34,548 - org.eclipse.wb.core - 1.9.0.201608250402
2016-10-12 11:16:34,571 - org.eclipse.wb.core.lib - 1.9.0.201608250402
2016-10-12 11:16:34,572 - org.eclipse.wb.os.win32 - 1.9.0.201608250402
2016-10-12 11:16:34,575 - org.eclipse.andmore.hierarchyviewer - 0.5.0.201605181018
2016-10-12 11:16:34,578 - org.eclipse.mylyn.bugzilla.core - 3.20.0.v20160425-1835
2016-10-12 11:16:34,578 - org.eclipse.mylyn.bugzilla.ui - 3.20.0.v20160425-1835
2016-10-12 11:16:34,583 - org.eclipse.sequoyah.device.backward - 2.1.0.N20120718-0509
2016-10-12 11:16:34,583 - org.eclipse.sequoyah.device.framework - 2.1.0.N20120718-0509
2016-10-12 11:16:34,583 - org.eclipse.sequoyah.device.framework.ui - 2.1.0.N20120718-0509
2016-10-12 11:16:34,584 - org.eclipse.sequoyah.device.service.start - 2.1.0.N20120718-0509
2016-10-12 11:16:34,584 - org.eclipse.sequoyah.device.service.stop - 2.1.0.N20120718-0509
2016-10-12 11:16:34,585 - org.eclipse.sequoyah.device.framework.wizard - 2.1.0.N20120718-0509
2016-10-12 11:16:34,588 - org.eclipse.mylyn.tasks.core - 3.20.0.v20160608-1838
2016-10-12 11:16:34,589 - org.eclipse.mylyn.tasks.index.core - 3.20.0.v20160425-1835
2016-10-12 11:16:34,590 - org.eclipse.mylyn.tasks.index.ui - 3.20.0.v20160425-1835
2016-10-12 11:16:34,591 - org.eclipse.mylyn.tasks.search - 3.20.0.v20160425-1835
2016-10-12 11:16:34,591 - org.eclipse.mylyn.tasks.ui - 3.20.0.v20160608-1838
2016-10-12 11:16:34,595 - org.eclipse.egit.core - 4.5.0.201609210915-r
2016-10-12 11:16:34,597 - org.eclipse.egit.ui - 4.5.0.201609210915-r
2016-10-12 11:16:34,597 - org.eclipse.egit - 4.5.0.201609210915-r
2016-10-12 11:16:34,598 - org.eclipse.egit.doc - 4.5.0.201609210915-r
2016-10-12 11:16:34,601 - org.eclipse.aether.maven - 3.1.0.v20140706-2237
2016-10-12 11:16:34,603 - org.eclipse.gef - 3.11.0.201606061308
2016-10-12 11:16:34,606 - org.eclipse.jgit.pgm - 4.5.0.201609210915-r
2016-10-12 11:16:34,607 - org.eclipse.jgit.ui - 4.5.0.201609210915-r
2016-10-12 11:16:34,608 - org.apache.commons.compress - 1.6.0.v201310281400
2016-10-12 11:16:34,608 - org.kohsuke.args4j - 2.0.21.v201301150030
2016-10-12 11:16:34,609 - javaewah - 0.7.9.v201605172130
2016-10-12 11:16:34,612 - org.eclipse.mylyn.commons.identity.core - 1.12.0.v20160421-1819
2016-10-12 11:16:34,618 - org.eclipse.oomph.p2 - 1.4.0.v20160426-0423
2016-10-12 11:16:34,618 - org.eclipse.oomph.p2.core - 1.4.0.v20160606-0856
2016-10-12 11:16:34,619 - org.eclipse.oomph.p2.edit - 1.4.0.v20160426-0423
2016-10-12 11:16:34,619 - org.eclipse.oomph.p2.ui - 1.4.0.v20160426-0423
2016-10-12 11:16:34,620 - org.eclipse.oomph.p2.doc - 1.4.0.v20160426-0423
2016-10-12 11:16:34,623 - org.eclipse.datatools.enablement.sqlite - 1.1.0.201603142002
2016-10-12 11:16:34,624 - org.eclipse.datatools.enablement.sqlite.dbdefinition - 1.1.0.201603142002
2016-10-12 11:16:34,624 - org.eclipse.datatools.enablement.sqlite.ui - 1.1.0.201603142002
2016-10-12 11:16:34,624 - org.eclipse.datatools.enablement.finfo - 1.6.0.201603142002
2016-10-12 11:16:34,626 - org.eclipse.emf.codegen.ui - 2.6.0.v20160526-0356
2016-10-12 11:16:34,629 - org.eclipse.mylyn.commons.notifications.core - 1.12.0.v20160421-1819
2016-10-12 11:16:34,630 - org.eclipse.mylyn.commons.notifications.feed - 1.12.0.v20160421-1819
2016-10-12 11:16:34,631 - org.eclipse.mylyn.commons.notifications.ui - 1.12.0.v20160421-1819
2016-10-12 11:16:34,634 - org.eclipse.emf.converter - 2.7.0.v20160526-0356
2016-10-12 11:16:34,635 - org.eclipse.emf.importer - 2.9.0.v20160526-0356
2016-10-12 11:16:34,636 - org.eclipse.emf.exporter - 2.7.0.v20160526-0356
2016-10-12 11:16:34,636 - org.eclipse.emf.importer.ecore - 2.8.0.v20160526-0356
2016-10-12 11:16:34,637 - org.eclipse.emf.importer.java - 2.7.0.v20160526-0356
2016-10-12 11:16:34,637 - org.eclipse.emf.importer.rose - 2.8.0.v20160526-0356
2016-10-12 11:16:34,642 - com.jformdesigner - 5.2.4
2016-10-12 11:16:34,643 - com.jformdesigner.doc - 5.2.4
2016-10-12 11:16:34,644 - com.jformdesigner.redist - 5.2.4
2016-10-12 11:16:34,648 - org.eclipse.recommenders.rcp - 2.4.0.v20160607-1609
2016-10-12 11:16:34,649 - org.eclipse.recommenders.apidocs - 2.4.0.v20160607-1609
2016-10-12 11:16:34,650 - org.eclipse.recommenders.apidocs.rcp - 2.4.0.v20160607-1609
2016-10-12 11:16:34,650 - org.eclipse.recommenders.calls - 2.4.0.v20160607-1609
2016-10-12 11:16:34,651 - org.eclipse.recommenders.calls.rcp - 2.4.0.v20160607-1609
2016-10-12 11:16:34,651 - org.eclipse.recommenders.chain.rcp - 2.4.0.v20160607-1609
2016-10-12 11:16:34,652 - org.eclipse.recommenders.completion.rcp - 2.4.0.v20160607-1609
2016-10-12 11:16:34,652 - org.eclipse.recommenders.constructors - 2.4.0.v20160607-1609
2016-10-12 11:16:34,653 - org.eclipse.recommenders.constructors.rcp - 2.4.0.v20160607-1609
2016-10-12 11:16:34,653 - org.eclipse.recommenders.coordinates - 2.4.0.v20160607-1609
2016-10-12 11:16:34,654 - org.eclipse.recommenders.coordinates.rcp - 2.4.0.v20160607-1609
2016-10-12 11:16:34,654 - org.eclipse.recommenders.injection - 2.4.0.v20160607-1609
2016-10-12 11:16:34,655 - org.eclipse.recommenders.jayes - 2.4.0.v20160607-1609
2016-10-12 11:16:34,655 - org.eclipse.recommenders.jayes.io - 2.4.0.v20160607-1609
2016-10-12 11:16:34,656 - org.eclipse.recommenders.jdt - 2.4.0.v20160607-1609
2016-10-12 11:16:34,656 - org.eclipse.recommenders.models - 2.4.0.v20160607-1609
2016-10-12 11:16:34,656 - org.eclipse.recommenders.models.rcp - 2.4.0.v20160607-1609
2016-10-12 11:16:34,657 - org.eclipse.recommenders.net - 2.4.0.v20160607-1609
2016-10-12 11:16:34,657 - org.eclipse.recommenders.overrides - 2.4.0.v20160607-1609
2016-10-12 11:16:34,658 - org.eclipse.recommenders.overrides.rcp - 2.4.0.v20160607-1609
2016-10-12 11:16:34,659 - org.eclipse.recommenders.subwords.rcp - 2.4.0.v20160607-1609
2016-10-12 11:16:34,660 - org.eclipse.recommenders.types.rcp - 2.4.0.v20160607-1609
2016-10-12 11:16:34,661 - org.eclipse.recommenders.utils - 2.4.0.v20160607-1609
2016-10-12 11:16:34,661 - org.eclipse.recommenders.utils.rcp - 2.4.0.v20160607-1609
2016-10-12 11:16:34,665 - org.eclipse.datatools.enablement.oda.ws.ui - 1.3.0.201603142002
2016-10-12 11:16:34,665 - org.eclipse.datatools.enablement.oda.xml.ui - 1.3.0.201603142002
2016-10-12 11:16:34,665 - org.eclipse.datatools.connectivity.oda.flatfile.ui - 3.2.0.201603142002
2016-10-12 11:16:34,668 - org.eclipse.datatools.enablement.postgresql.dbdefinition - 1.1.0.201603142002
2016-10-12 11:16:34,669 - org.eclipse.datatools.enablement.postgresql - 1.2.0.201603142002
2016-10-12 11:16:34,669 - org.eclipse.datatools.enablement.postgresql.ui - 1.1.0.201603142002
2016-10-12 11:16:34,669 - org.eclipse.datatools.enablement.finfo - 1.6.0.201603142002
2016-10-12 11:16:34,672 - org.eclipse.datatools.connectivity.oda.design.ui - 3.3.0.201603142002
2016-10-12 11:16:34,673 - org.eclipse.datatools.connectivity.ui.dse - 1.2.0.201603142002
2016-10-12 11:16:34,674 - org.eclipse.datatools.connectivity.ui - 1.3.0.201603142002
2016-10-12 11:16:34,675 - org.eclipse.datatools.connectivity.sqm.core - 1.3.0.201603142002
2016-10-12 11:16:34,675 - org.eclipse.datatools.help - 1.6.0.201603142002
2016-10-12 11:16:34,680 - org.eclipse.php.core - 4.1.0.201609140517
2016-10-12 11:16:34,681 - org.eclipse.php.debug.core - 4.1.0.201609140517
2016-10-12 11:16:34,682 - org.eclipse.php.debug.ui - 4.1.0.201609140517
2016-10-12 11:16:34,683 - org.eclipse.php.server.core - 4.1.0.201609140517
2016-10-12 11:16:34,683 - org.eclipse.php.server.ui - 4.1.0.201609140517
2016-10-12 11:16:34,683 - org.eclipse.php.ui - 4.1.0.201609140517
2016-10-12 11:16:34,684 - org.eclipse.php.debug.daemon - 4.1.0.201609140517
2016-10-12 11:16:34,684 - org.eclipse.php.help - 4.1.0.201609140517
2016-10-12 11:16:34,685 - org.eclipse.php.core.parser - 4.1.0.201609140517
2016-10-12 11:16:34,685 - org.eclipse.php.formatter.core - 4.1.0.201609140517
2016-10-12 11:16:34,686 - org.eclipse.php.formatter.ui - 4.1.0.201609140517
2016-10-12 11:16:34,687 - org.eclipse.php.refactoring.core - 4.1.0.201609140517
2016-10-12 11:16:34,687 - org.eclipse.php.refactoring.ui - 4.1.0.201609140517
2016-10-12 11:16:34,690 - org.eclipse.wb.core.xml - 1.9.0.201608250402
2016-10-12 11:16:34,691 - org.eclipse.wb.core.databinding.xml - 1.9.0.201608250402
2016-10-12 11:16:34,694 - org.eclipse.wb.swt - 1.9.0.201608250402
2016-10-12 11:16:34,698 - org.eclipse.datatools.connectivity.db.generic - 1.1.0.201603142002
2016-10-12 11:16:34,698 - org.eclipse.datatools.connectivity.db.generic.ui - 1.1.0.201603142002
2016-10-12 11:16:34,699 - org.eclipse.datatools.connectivity.dbdefinition.genericJDBC - 1.1.0.201603142002
2016-10-12 11:16:34,702 - org.eclipse.emf.mapping - 2.9.0.v20160526-0356
2016-10-12 11:16:34,705 - org.eclipse.emf.ecore - 2.12.0.v20160420-0247
2016-10-12 11:16:34,706 - org.eclipse.emf.ecore.change - 2.11.0.v20160420-0247
2016-10-12 11:16:34,706 - org.eclipse.emf.ecore.xmi - 2.12.0.v20160420-0247
2016-10-12 11:16:34,709 - org.eclipse.datatools.intro - 1.7.0.v201005281800
2016-10-12 11:16:34,712 - org.eclipse.wb.doc.user - 1.9.0.201608250402
2016-10-12 11:16:34,715 - org.eclipse.jgit - 4.5.0.201609210915-r
2016-10-12 11:16:34,716 - org.eclipse.jgit.archive - 4.5.0.201609210915-r
2016-10-12 11:16:34,716 - com.jcraft.jsch - 0.1.53.v201508180515
2016-10-12 11:16:34,717 - javaewah - 0.7.9.v201605172130
2016-10-12 11:16:34,717 - org.apache.commons.compress - 1.6.0.v201310281400
2016-10-12 11:16:34,717 - org.slf4j.api - 1.7.2.v20121108-1250
2016-10-12 11:16:34,718 - org.slf4j.impl.log4j12 - 1.7.2.v20131105-2200
2016-10-12 11:16:34,719 - org.apache.log4j - 1.2.15.v201012070815
2016-10-12 11:16:34,723 - org.eclipse.mylyn.wikitext.core - 2.9.0.v20160513-1433
2016-10-12 11:16:34,723 - org.eclipse.mylyn.wikitext.core.ant - 2.9.0.v20160513-1433
2016-10-12 11:16:34,724 - org.eclipse.mylyn.wikitext.core.osgi - 2.9.0.v20160513-1433
2016-10-12 11:16:34,725 - org.eclipse.mylyn.wikitext.textile.core - 2.9.0.v20160513-1433
2016-10-12 11:16:34,725 - org.eclipse.mylyn.wikitext.html.core - 2.9.0.v20160513-1433
2016-10-12 11:16:34,726 - org.eclipse.mylyn.wikitext.markdown.core - 2.9.0.v20160513-1433
2016-10-12 11:16:34,726 - org.eclipse.mylyn.wikitext.mediawiki.core - 2.9.0.v20160513-1433
2016-10-12 11:16:34,727 - org.eclipse.mylyn.wikitext.mediawiki.core.ant - 2.9.0.v20160513-1433
2016-10-12 11:16:34,727 - org.eclipse.mylyn.wikitext.confluence.core - 2.9.0.v20160513-1433
2016-10-12 11:16:34,728 - org.eclipse.mylyn.wikitext.tracwiki.core - 2.9.0.v20160513-1433
2016-10-12 11:16:34,728 - org.eclipse.mylyn.wikitext.twiki.core - 2.9.0.v20160519-0832
2016-10-12 11:16:34,729 - org.eclipse.mylyn.wikitext.ui - 2.9.0.v20160516-1547
2016-10-12 11:16:34,729 - org.eclipse.mylyn.wikitext.help.ui - 2.9.0.v20160524-0547
2016-10-12 11:16:34,730 - org.eclipse.mylyn.wikitext.textile.ui - 2.9.0.v20160513-1433
2016-10-12 11:16:34,730 - org.eclipse.mylyn.wikitext.markdown.ui - 2.9.0.v20160513-1433
2016-10-12 11:16:34,731 - org.eclipse.mylyn.wikitext.mediawiki.ui - 2.9.0.v20160513-1433
2016-10-12 11:16:34,731 - org.eclipse.mylyn.wikitext.confluence.ui - 2.9.0.v20160513-1433
2016-10-12 11:16:34,732 - org.eclipse.mylyn.wikitext.tracwiki.ui - 2.9.0.v20160513-1433
2016-10-12 11:16:34,732 - org.eclipse.mylyn.wikitext.twiki.ui - 2.9.0.v20160513-1433
2016-10-12 11:16:34,732 - org.eclipse.mylyn.wikitext.tasks.ui - 2.9.0.v20160513-1433
2016-10-12 11:16:34,733 - org.eclipse.mylyn.wikitext.context.ui - 2.9.0.v20160513-1433
2016-10-12 11:16:34,733 - org.eclipse.mylyn.wikitext.asciidoc.core - 2.9.0.v20160524-1633
2016-10-12 11:16:34,734 - org.eclipse.mylyn.wikitext.asciidoc.ui - 2.9.0.v20160516-1451
2016-10-12 11:16:34,737 - org.eclipse.emf.mapping.ecore.editor - 2.6.0.v20160526-0356
2016-10-12 11:16:34,737 - org.eclipse.emf.mapping.ecore2ecore.editor - 2.7.0.v20160526-0356
2016-10-12 11:16:34,738 - org.eclipse.emf.mapping.ecore2xml.ui - 2.8.0.v20160526-0356
2016-10-12 11:16:34,744 - org.eclipse.datatools.enablement.finfo - 1.6.0.201603142002
2016-10-12 11:16:34,747 - org.eclipse.datatools.sqltools.db.derby.ui - 1.1.0.201603142002
2016-10-12 11:16:34,748 - org.eclipse.datatools.sqltools.db.generic.ui - 1.1.0.201603142002
2016-10-12 11:16:34,751 - org.eclipse.datatools.enablement.jdt.classpath - 1.1.0.201603142002
2016-10-12 11:16:34,753 - org.eclipse.mylyn.discovery.core - 3.20.0.v20160421-1819
2016-10-12 11:16:34,754 - org.eclipse.mylyn.discovery.ui - 3.20.0.v20160421-1819
2016-10-12 11:16:34,758 - org.eclipse.datatools.enablement.mysql.dbdefinition - 1.1.0.201603142002
2016-10-12 11:16:34,758 - org.eclipse.datatools.enablement.mysql - 1.1.0.201603142002
2016-10-12 11:16:34,759 - org.eclipse.datatools.enablement.mysql.ui - 1.1.0.201603142002
2016-10-12 11:16:34,759 - org.eclipse.datatools.enablement.finfo - 1.6.0.201603142002
2016-10-12 11:16:34,763 - org.eclipse.datatools.enablement.msft.sqlserver.dbdefinition - 1.1.0.201603142002
2016-10-12 11:16:34,763 - org.eclipse.datatools.enablement.msft.sqlserver - 1.1.0.201603142002
2016-10-12 11:16:34,764 - org.eclipse.datatools.enablement.msft.sqlserver.ui - 1.1.0.201603142002
2016-10-12 11:16:34,764 - org.eclipse.datatools.enablement.finfo - 1.6.0.201603142002
2016-10-12 11:16:34,767 - org.eclipse.mylyn.versions.core - 1.12.0.v20160421-1824
2016-10-12 11:16:34,768 - org.eclipse.mylyn.versions.ui - 1.12.0.v20160421-1824
2016-10-12 11:16:34,770 - org.eclipse.egit.gitflow - 4.5.0.201609210915-r
2016-10-12 11:16:34,771 - org.eclipse.egit.gitflow.ui - 4.5.0.201609210915-r
2016-10-12 11:16:34,773 - org.eclipse.sequoyah.localization.android - 2.1.0.N20120718-0509
2016-10-12 11:16:34,773 - org.eclipse.sequoyah.localization.android.help - 2.1.1.N20120718-0509
2016-10-12 11:16:34,776 - org.eclipse.wb.swing.doc.user - 1.9.0.201608250402
2016-10-12 11:16:34,779 - org.eclipse.datatools.connectivity.doc.user.contexts - 1.7.0.20090521092446
2016-10-12 11:16:34,779 - org.eclipse.datatools.connectivity.doc.user - 1.7.0.20090521092446
2016-10-12 11:16:34,782 - org.eclipse.mylyn.tasks.bugs - 3.20.0.v20160425-1835
2016-10-12 11:16:34,783 - org.eclipse.mylyn.help.ui - 3.20.0.v20160425-1835
2016-10-12 11:16:34,785 - org.eclipse.emf.edit - 2.12.0.v20160526-0356
2016-10-12 11:16:34,788 - org.eclipse.mylyn.commons.core - 3.20.0.v20160421-1819
2016-10-12 11:16:34,789 - org.eclipse.mylyn.commons.screenshots - 3.20.0.v20160421-1819
2016-10-12 11:16:34,789 - org.eclipse.mylyn.commons.ui - 3.20.0.v20160421-1819
2016-10-12 11:16:34,790 - org.eclipse.mylyn.commons.workbench - 3.20.0.v20160421-1819
2016-10-12 11:16:34,793 - org.eclipse.mylyn.bugzilla.ide - 3.20.0.v20160421-1902
2016-10-12 11:16:34,794 - org.eclipse.mylyn.ide.ui - 3.20.0.v20160421-1902
2016-10-12 11:16:34,797 - org.eclipse.wst.json.ui - 1.0.0.v201605251755
2016-10-12 11:16:34,798 - org.eclipse.wst.json.bower.ui - 1.0.0.v201605201503
2016-10-12 11:16:34,798 - org.eclipse.wst.json.eslint.ui - 1.0.0.v201605201503
2016-10-12 11:16:34,799 - org.eclipse.wst.json.jshint.ui - 1.0.0.v201605201503
2016-10-12 11:16:34,799 - org.eclipse.wst.json.npm.ui - 1.0.0.v201605201503
2016-10-12 11:16:34,802 - org.eclipse.emf.databinding.edit - 1.3.0.v20160526-0356
2016-10-12 11:16:34,805 - org.eclipse.emf.codegen.ecore - 2.12.0.v20160526-0356
2016-10-12 11:16:34,806 - org.eclipse.emf.ant - 2.8.0.v20160526-0356
2016-10-12 11:16:34,817 - org.eclipse.m2e.archetype.common - 1.7.0.20160603-1931
2016-10-12 11:16:34,821 - org.eclipse.m2e.maven.indexer - 1.7.0.20160603-1931
2016-10-12 11:16:34,822 - org.eclipse.m2e.model.edit - 1.7.0.20160603-1933
2016-10-12 11:16:34,822 - org.eclipse.m2e.core - 1.7.0.20160603-1933
2016-10-12 11:16:34,823 - org.eclipse.m2e.launching - 1.7.0.20160603-1933
2016-10-12 11:16:34,823 - org.eclipse.m2e.workspace.cli - 0.3.1
2016-10-12 11:16:34,824 - org.eclipse.m2e.jdt - 1.7.0.20160603-1933
2016-10-12 11:16:34,825 - org.eclipse.m2e.editor - 1.7.0.20160603-1933
2016-10-12 11:16:34,826 - org.eclipse.m2e.editor.xml - 1.7.0.20160603-1933
2016-10-12 11:16:34,849 - org.eclipse.m2e.maven.runtime - 1.7.0.20160603-1931
2016-10-12 11:16:34,851 - org.eclipse.m2e.maven.runtime.slf4j.simple - 1.7.0.20160603-1931
2016-10-12 11:16:34,852 - org.eclipse.m2e.refactoring - 1.7.0.20160603-1933
2016-10-12 11:16:34,853 - org.eclipse.m2e.lifecyclemapping.defaults - 1.7.0.20160603-1933
2016-10-12 11:16:34,854 - org.eclipse.m2e.discovery - 1.7.0.20160603-1933
2016-10-12 11:16:34,857 - org.eclipse.m2e.core.ui - 1.7.0.20160603-1933
2016-10-12 11:16:34,858 - org.eclipse.m2e.scm - 1.7.0.20160603-1933
2016-10-12 11:16:34,858 - org.eclipse.m2e.jdt.ui - 1.7.0.20160603-1933
2016-10-12 11:16:34,859 - org.eclipse.m2e.profiles.core - 1.7.0.20160603-1933
2016-10-12 11:16:34,859 - org.eclipse.m2e.profiles.ui - 1.7.0.20160603-1933
2016-10-12 11:16:34,860 - org.eclipse.m2e.importer - 1.7.0.20160603-1933
2016-10-12 11:16:34,863 - org.eclipse.andmore.ndk - 0.5.0.201605181018
2016-10-12 11:16:34,867 - org.eclipse.datatools.connectivity.oda.consumer - 3.3.0.201603142002
2016-10-12 11:16:34,867 - org.eclipse.datatools.connectivity.oda.design - 3.4.0.201603142002
2016-10-12 11:16:34,868 - org.eclipse.datatools.connectivity.oda.profile - 3.3.0.201603142002
2016-10-12 11:16:34,868 - org.eclipse.datatools.connectivity.oda - 3.5.0.201603142002
2016-10-12 11:16:34,868 - org.eclipse.datatools.connectivity - 1.13.0.201603142002
2016-10-12 11:16:34,871 - org.eclipse.mylyn.git.core - 1.12.0.v20160421-1824
2016-10-12 11:16:34,871 - org.eclipse.mylyn.git.ui - 1.12.0.v20160421-1824
2016-10-12 11:16:34,874 - org.eclipse.andmore.android.certmanager - 0.5.0.201605181018
2016-10-12 11:16:34,876 - org.eclipse.sequoyah.localization.tools - 2.1.0.N20120718-0509
2016-10-12 11:16:34,877 - org.eclipse.sequoyah.localization.editor - 2.1.0.N20120718-0509
2016-10-12 11:16:34,881 - org.eclipse.mylyn.team.ui - 3.20.0.v20160421-1902
2016-10-12 11:16:34,885 - org.eclipse.emf.common.ui - 2.11.0.v20160526-0356
2016-10-12 11:16:34,888 - org.eclipse.sequoyah.device.common.utilities - 2.1.0.N20120718-0509
2016-10-12 11:16:34,890 - org.eclipse.emf.mapping.ui - 2.7.0.v20160526-0356
2016-10-12 11:16:34,894 - org.eclipse.datatools.connectivity.oda.template.ui - 3.3.0.201603142002
2016-10-12 11:16:34,897 - org.eclipse.datatools.enablement.ibm - 1.1.0.201603142002
2016-10-12 11:16:34,898 - org.eclipse.datatools.enablement.ibm.db2 - 1.1.0.201603142002
2016-10-12 11:16:34,898 - org.eclipse.datatools.enablement.ibm.db2.iseries.dbdefinition - 1.1.0.201603142002
2016-10-12 11:16:34,899 - org.eclipse.datatools.enablement.ibm.db2.iseries - 1.1.0.201603142002
2016-10-12 11:16:34,900 - org.eclipse.datatools.enablement.ibm.db2.iseries.ui - 1.1.0.201603142002
2016-10-12 11:16:34,900 - org.eclipse.datatools.enablement.ibm.db2.luw.dbdefinition - 1.1.0.201603142002
2016-10-12 11:16:34,901 - org.eclipse.datatools.enablement.ibm.db2.luw - 1.1.0.201603142002
2016-10-12 11:16:34,902 - org.eclipse.datatools.enablement.ibm.db2.luw.ui - 1.1.0.201603142002
2016-10-12 11:16:34,903 - org.eclipse.datatools.enablement.ibm.db2.zseries.dbdefinition - 1.1.0.201603142002
2016-10-12 11:16:34,903 - org.eclipse.datatools.enablement.ibm.db2.zseries - 1.1.0.201603142002
2016-10-12 11:16:34,904 - org.eclipse.datatools.enablement.ibm.db2.zseries.ui - 1.1.0.201603142002
2016-10-12 11:16:34,905 - org.eclipse.datatools.enablement.ibm.informix.dbdefinition - 1.1.0.201603142002
2016-10-12 11:16:34,905 - org.eclipse.datatools.enablement.ibm.informix - 1.1.0.201603142002
2016-10-12 11:16:34,906 - org.eclipse.datatools.enablement.ibm.informix.ui - 1.1.0.201603142002
2016-10-12 11:16:34,907 - org.eclipse.datatools.enablement.ibm.ui - 1.1.0.201603142002
2016-10-12 11:16:34,910 - org.eclipse.wb.core.ui - 1.9.0.201608250402
2016-10-12 11:16:34,914 - org.eclipse.datatools.connectivity.sqm.core.ui - 1.3.0.201603142002
2016-10-12 11:16:34,914 - org.eclipse.datatools.connectivity.sqm.core - 1.3.0.201603142002
2016-10-12 11:16:34,915 - org.eclipse.datatools.connectivity.sqm.server.ui - 1.2.0.201603142002
2016-10-12 11:16:34,915 - org.eclipse.datatools.connectivity.ui.dse - 1.2.0.201603142002
2016-10-12 11:16:34,915 - org.eclipse.datatools.connectivity.ui - 1.3.0.201603142002
2016-10-12 11:16:34,915 - org.eclipse.datatools.connectivity - 1.13.0.201603142002
2016-10-12 11:16:34,915 - org.eclipse.datatools.help - 1.6.0.201603142002
2016-10-12 11:16:34,915 - org.eclipse.datatools.connectivity.console.profile - 1.1.0.201603142002
2016-10-12 11:16:34,920 - org.eclipse.wst.jsdt.core - 2.0.0.v201605251700
2016-10-12 11:16:34,920 - org.eclipse.wst.jsdt.nashorn.extension - 1.0.0.v201605131737
2016-10-12 11:16:34,921 - org.eclipse.wst.jsdt.manipulation - 1.0.601.v201602241911
2016-10-12 11:16:34,921 - org.eclipse.wst.jsdt.ui - 2.0.0.v201605262108
2016-10-12 11:16:34,921 - org.eclipse.wst.jsdt.support.firefox - 1.0.501.v201602241911
2016-10-12 11:16:34,922 - org.eclipse.wst.jsdt.support.ie - 1.0.601.v201602241911
2016-10-12 11:16:34,923 - org.eclipse.wst.jsdt.doc - 1.4.101.v201507140011
2016-10-12 11:16:34,924 - org.eclipse.wst.jsdt.debug.core - 3.1.300.v201605251607
2016-10-12 11:16:34,925 - org.eclipse.wst.jsdt.debug.transport - 1.0.300.v201502261613
2016-10-12 11:16:34,925 - org.eclipse.wst.jsdt.debug.crossfire - 1.0.500.v201505071819
2016-10-12 11:16:34,926 - org.eclipse.wst.jsdt.debug.rhino - 1.0.500.v201605251607
2016-10-12 11:16:34,926 - org.eclipse.wst.jsdt.debug.rhino.debugger - 1.0.600.v201604292217
2016-10-12 11:16:34,927 - org.eclipse.wst.jsdt.debug.ui - 1.0.600.v201605311817
2016-10-12 11:16:34,928 - org.mozilla.javascript - 1.7.5.v201504281450
2016-10-12 11:16:34,933 - org.eclipse.wb.rcp.doc.user - 1.9.0.201608250402
2016-10-12 11:16:34,936 - org.eclipse.buildship.core - 1.0.15.v20160425-1638
2016-10-12 11:16:34,937 - org.eclipse.buildship.ui - 1.0.15.v20160425-1638
2016-10-12 11:16:34,937 - org.eclipse.buildship.branding - 1.0.15.v20160425-1638
2016-10-12 11:16:34,938 - org.eclipse.buildship.stsmigration - 1.0.15.v20160425-1638
2016-10-12 11:16:34,941 - org.eclipse.datatools.common.doc.user - 1.7.0.20090521092446
2016-10-12 11:16:34,946 - org.eclipse.wst.jsdt.web.core - 1.0.801.v201602241914
2016-10-12 11:16:34,946 - org.eclipse.wst.jsdt.web.ui - 1.0.801.v201602241914
2016-10-12 11:16:34,947 - org.eclipse.wst.html.ui.infopop - 1.0.201.v201409111852
2016-10-12 11:16:34,948 - org.eclipse.wst.web.ui.infopop - 1.0.300.v200805140206
2016-10-12 11:16:34,949 - org.eclipse.wst.css.ui - 1.0.1000.v201603050225
2016-10-12 11:16:34,950 - org.eclipse.wst.html.ui - 1.0.1100.v201603050225
2016-10-12 11:16:34,950 - org.eclipse.wst.web.ui - 1.1.601.v201602221748
2016-10-12 11:16:34,953 - org.eclipse.datatools.enablement.hsqldb - 1.1.0.201603142002
2016-10-12 11:16:34,954 - org.eclipse.datatools.enablement.hsqldb.dbdefinition - 1.1.0.201603142002
2016-10-12 11:16:34,954 - org.eclipse.datatools.enablement.hsqldb.ui - 1.1.0.201603142002
2016-10-12 11:16:34,954 - org.eclipse.datatools.enablement.finfo - 1.6.0.201603142002
2016-10-12 11:16:34,957 - org.eclipse.datatools.sqltools.doc.user - 1.7.0.20090521092446
2016-10-12 11:16:34,958 - org.eclipse.datatools.sqltools.doc.user.contexts - 1.7.0.20090521092446
2016-10-12 11:16:34,960 - org.eclipse.jgit.http.apache - 4.5.0.201609210915-r
2016-10-12 11:16:34,962 - org.apache.httpcomponents.httpcore - 4.3.3.v201411290715
2016-10-12 11:16:34,965 - org.apache.httpcomponents.httpclient - 4.3.6.v201511171540
2016-10-12 11:16:34,968 - org.eclipse.emf.edit.ui - 2.12.0.v20160526-0356
2016-10-12 11:16:34,972 - org.eclipse.help - 3.7.0.v20160602-1307
2016-10-12 11:16:34,973 - org.eclipse.ui - 3.108.0.v20160518-1929
2016-10-12 11:16:34,974 - org.eclipse.ui.workbench - 3.108.0.v20160602-1232
2016-10-12 11:16:34,975 - org.eclipse.update.configurator - 3.3.400.v20160506-0750
2016-10-12 11:16:34,975 - org.eclipse.rcp - 4.6.0.v20160606-1100
2016-10-12 11:16:34,978 - org.eclipse.jgit.lfs - 4.5.0.201609210915-r
2016-10-12 11:16:34,979 - org.eclipse.jgit.lfs.server - 4.5.0.201609210915-r
2016-10-12 11:16:34,980 - com.google.gson - 2.2.4.v201311231704
2016-10-12 11:16:34,984 - org.eclipse.mylyn.commons.repositories.http.core - 1.12.0.v20160421-1819
2016-10-12 11:16:34,988 - org.eclipse.datatools.connectivity.apache.derby.dbdefinition - 1.1.0.201603142002
2016-10-12 11:16:34,989 - org.eclipse.datatools.connectivity.apache.derby.ui - 1.1.0.201603142002
2016-10-12 11:16:34,990 - org.eclipse.datatools.connectivity.apache.derby - 1.1.0.201603142002
2016-10-12 11:16:34,990 - org.eclipse.datatools.modelbase.derby - 1.1.0.201603142002
2016-10-12 11:16:34,991 - org.eclipse.datatools.sqltools.db.derby - 1.1.0.201603142002
2016-10-12 11:16:34,995 - org.eclipse.jdt - 3.12.0.v20160606-1100
2016-10-12 11:16:34,996 - org.eclipse.ant.ui - 3.6.200.v20160525-1820
2016-10-12 11:16:34,997 - org.eclipse.jdt.apt.core - 3.4.100.v20160525-0952
2016-10-12 11:16:34,997 - org.eclipse.jdt.apt.ui - 3.4.100.v20160418-1457
2016-10-12 11:16:34,998 - org.eclipse.jdt.apt.pluggable.core - 1.1.100.v20160418-1457
2016-10-12 11:16:34,999 - org.eclipse.jdt.compiler.apt - 1.2.100.v20160418-1457
2016-10-12 11:16:35,000 - org.eclipse.jdt.compiler.tool - 1.1.100.v20160418-1457
2016-10-12 11:16:35,000 - org.eclipse.jdt.core - 3.12.0.v20160516-2131
2016-10-12 11:16:35,001 - org.eclipse.jdt.annotation - 2.1.0.v20160418-1457
2016-10-12 11:16:35,001 - org.eclipse.jdt.annotation - 2.1.0.v20160418-1457
2016-10-12 11:16:35,002 - org.eclipse.jdt.core.manipulation - 1.7.0.v20160419-0705
2016-10-12 11:16:35,003 - org.eclipse.jdt.debug.ui - 3.7.200.v20160423-1519
2016-10-12 11:16:35,010 - org.eclipse.jdt.debug - 3.10.0.v20160418-1524
2016-10-12 11:16:35,011 - org.eclipse.jdt.junit - 3.9.0.v20160421-1701
2016-10-12 11:16:35,012 - org.eclipse.jdt.junit.core - 3.8.0.v20160421-1701
2016-10-12 11:16:35,012 - org.eclipse.jdt.junit.runtime - 3.4.600.v20160505-0715
2016-10-12 11:16:35,013 - org.eclipse.jdt.junit4.runtime - 1.1.600.v20160505-0715
2016-10-12 11:16:35,014 - org.eclipse.jdt.launching - 3.8.100.v20160505-0636
2016-10-12 11:16:35,016 - org.eclipse.jdt.ui - 3.12.0.v20160525-1829
2016-10-12 11:16:35,018 - org.junit - 4.12.0.v201504281640
2016-10-12 11:16:35,019 - org.hamcrest.core - 1.3.0.v201303031735
2016-10-12 11:16:35,020 - org.eclipse.jdt.doc.user - 3.12.0.v20160601-2148
2016-10-12 11:16:35,020 - org.eclipse.ant.launching - 1.1.200.v20160418-1631
2016-10-12 11:16:35,023 - org.eclipse.emf.common - 2.12.0.v20160420-0247
2016-10-12 11:16:35,026 - org.eclipse.sequoyah.vnc.vncviewer.vncviews - 2.1.0.N20120718-0509
2016-10-12 11:16:35,029 - org.eclipse.egit.mylyn.ui - 4.5.0.201609210915-r
2016-10-12 11:16:35,033 - org.eclipse.datatools.enablement.sybase.asa.models - 1.1.0.201603142002
2016-10-12 11:16:35,034 - org.eclipse.datatools.enablement.sybase.ase.models - 1.1.0.201603142002
2016-10-12 11:16:35,035 - org.eclipse.datatools.enablement.sybase.asa - 1.1.0.201603142002
2016-10-12 11:16:35,035 - org.eclipse.datatools.enablement.sybase.ase - 1.1.0.201603142002
2016-10-12 11:16:35,036 - org.eclipse.datatools.enablement.sybase.ase.dbdefinition - 1.1.0.201603142002
2016-10-12 11:16:35,036 - org.eclipse.datatools.enablement.sybase.asa.dbdefinition - 1.1.0.201603142002
2016-10-12 11:16:35,037 - org.eclipse.datatools.enablement.sybase.asa.ui - 1.1.0.201603142002
2016-10-12 11:16:35,037 - org.eclipse.datatools.enablement.sybase.ase.ui - 1.1.0.201603142002
2016-10-12 11:16:35,037 - org.eclipse.datatools.enablement.sybase - 1.1.0.201603142002
2016-10-12 11:16:35,038 - org.eclipse.datatools.enablement.sybase.models - 1.1.0.201603142002
2016-10-12 11:16:35,038 - org.eclipse.datatools.enablement.sybase.ui - 1.1.0.201603142002
2016-10-12 11:16:35,039 - org.eclipse.datatools.enablement.sybase.asa.schemaobjecteditor.examples - 2.6.0.200810071
2016-10-12 11:16:35,042 - org.eclipse.datatools.sqltools.common.ui - 1.1.0.201603142002
2016-10-12 11:16:35,044 - org.eclipse.datatools.sqltools.debugger.core - 1.1.0.201603142002
2016-10-12 11:16:35,045 - org.eclipse.datatools.sqltools.editor.core - 1.1.0.201603142002
2016-10-12 11:16:35,045 - org.eclipse.datatools.sqltools.plan - 1.1.0.201603142002
2016-10-12 11:16:35,046 - org.eclipse.datatools.sqltools.routineeditor - 1.1.0.201603142002
2016-10-12 11:16:35,046 - org.eclipse.datatools.sqltools.sql - 1.1.0.201603142002
2016-10-12 11:16:35,047 - org.eclipse.datatools.sqltools.sqleditor - 1.1.0.201603142002
2016-10-12 11:16:35,048 - org.eclipse.datatools.sqltools.sqlscrapbook - 1.1.0.201603142002
2016-10-12 11:16:35,048 - org.eclipse.datatools.help - 1.6.0.201603142002
2016-10-12 11:16:35,049 - org.eclipse.datatools.sqltools.db.generic - 1.1.0.201603142002
2016-10-12 11:16:35,049 - org.eclipse.datatools.sqltools.debugger.core.ui - 1.1.0.201603142002
2016-10-12 11:16:35,050 - org.eclipse.datatools.sqltools.editor.core.ui - 1.1.0.201603142002
2016-10-12 11:16:35,050 - org.eclipse.datatools.sqltools.result.ui - 1.2.0.201603142002
2016-10-12 11:16:35,051 - org.eclipse.datatools.sqltools.routineeditor.ui - 1.1.0.201603142002
2016-10-12 11:16:35,052 - org.eclipse.datatools.sqltools.sql.ui - 1.1.0.201603142002
2016-10-12 11:16:35,056 - org.objectweb.asm - 5.0.1.v201404251740
2016-10-12 11:16:35,056 - org.eclipse.andmore - 0.5.0.201605181018
2016-10-12 11:16:35,063 - org.eclipse.andmore.base - 0.5.0.201605181018
2016-10-12 11:16:35,065 - org.eclipse.andmore.ddms - 0.5.0.201605181018
2016-10-12 11:16:35,066 - org.eclipse.andmore.overlay - 0.5.0.201605181018
2016-10-12 11:16:35,067 - org.apache.commons.codec - 1.6.0.v201305230611
2016-10-12 11:16:35,067 - org.apache.commons.compress - 1.6.0.v201310281400
2016-10-12 11:16:35,067 - org.apache.httpcomponents.httpclient - 4.3.6.v201511171540
2016-10-12 11:16:35,067 - org.apache.httpcomponents.httpcore - 4.3.3.v201411290715
2016-10-12 11:16:35,070 - org.eclipse.datatools.modelbase.dbdefinition - 1.1.0.201603142002
2016-10-12 11:16:35,071 - org.eclipse.datatools.modelbase.sql.edit - 1.1.0.201603142002
2016-10-12 11:16:35,071 - org.eclipse.datatools.modelbase.sql.query - 1.2.0.201603142002
2016-10-12 11:16:35,072 - org.eclipse.datatools.modelbase.sql.query.edit - 1.1.0.201603142002
2016-10-12 11:16:35,072 - org.eclipse.datatools.modelbase.sql.xml.query - 1.1.0.201603142002
2016-10-12 11:16:35,072 - org.eclipse.datatools.modelbase.sql - 1.1.0.201603142002
2016-10-12 11:16:35,075 - org.eclipse.oomph.setup.editor - 1.4.0.v20160505-0456
2016-10-12 11:16:35,076 - org.eclipse.oomph.setup.ui - 1.4.0.v20160530-1200
2016-10-12 11:16:35,076 - org.eclipse.oomph.setup.doc - 1.4.0.v20160426-0423
2016-10-12 11:16:35,077 - org.eclipse.oomph.setup.ui.questionnaire - 1.4.0.v20160530-1435
2016-10-12 11:16:35,077 - org.eclipse.oomph.jreinfo.ui - 1.4.0.v20160426-0423
2016-10-12 11:16:35,080 - org.eclipse.datatools.doc.isv - 1.13.0.201603142002
2016-10-12 11:16:35,080 - org.eclipse.datatools.sdk - 1.8.0.201603142002
2016-10-12 11:16:35,081 - org.eclipse.datatools.connectivity.ui.templates - 1.1.0.201603142002
2016-10-12 11:16:35,084 - org.apache.xerces - 2.9.0.v201101211617
2016-10-12 11:16:35,085 - org.apache.xml.resolver - 1.2.0.v201005080400
2016-10-12 11:16:35,085 - org.apache.xml.serializer - 2.7.1.v201005080400
2016-10-12 11:16:35,086 - org.eclipse.datatools.enablement.oda.ws - 1.3.0.201603142002
2016-10-12 11:16:35,086 - org.eclipse.datatools.enablement.oda.xml - 1.3.0.201603142002
2016-10-12 11:16:35,086 - javax.xml - 1.3.4.v201005080400
2016-10-12 11:16:35,087 - javax.wsdl - 1.5.1.v201012040544
2016-10-12 11:16:35,088 - org.eclipse.datatools.connectivity.oda.flatfile - 3.2.0.201603142002
2016-10-12 11:16:35,090 - org.eclipse.recommenders.mylyn.rcp - 2.4.0.v20160607-1609
2016-10-12 11:16:35,105 - org.apache.ant - 1.9.6.v201510161327
2016-10-12 11:16:35,106 - org.eclipse.ant.core - 3.4.100.v20160505-0642
2016-10-12 11:16:35,106 - com.jcraft.jsch - 0.1.53.v201508180515
2016-10-12 11:16:35,106 - org.eclipse.compare.core - 3.6.0.v20160418-1534
2016-10-12 11:16:35,107 - org.eclipse.compare - 3.6.0.v20160418-1534
2016-10-12 11:16:35,107 - org.eclipse.compare.win32 - 1.1.0.v20160418-1534
2016-10-12 11:16:35,108 - org.eclipse.core.filebuffers - 3.6.0.v20160503-1849
2016-10-12 11:16:35,108 - org.eclipse.core.filesystem - 1.6.0.v20160503-1608
2016-10-12 11:16:35,108 - org.eclipse.core.net - 1.3.0.v20160418-1534
2016-10-12 11:16:35,109 - org.eclipse.core.net.win32.x86_64 - 1.1.0.v20160323-1650
2016-10-12 11:16:35,109 - org.eclipse.core.resources - 3.11.0.v20160503-1608
2016-10-12 11:16:35,110 - org.eclipse.osgi.util - 3.3.100.v20150423-1351
2016-10-12 11:16:35,111 - org.eclipse.debug.core - 3.10.100.v20160419-1720
2016-10-12 11:16:35,112 - org.eclipse.debug.ui - 3.11.200.v20160518-1858
2016-10-12 11:16:35,113 - org.eclipse.equinox.event - 1.3.200.v20160324-1850
2016-10-12 11:16:35,114 - org.eclipse.ltk.core.refactoring - 3.7.0.v20160419-0705
2016-10-12 11:16:35,114 - org.eclipse.ltk.ui.refactoring - 3.8.0.v20160518-1817
2016-10-12 11:16:35,114 - org.eclipse.platform - 4.6.0.v20160606-1100
2016-10-12 11:16:35,115 - org.eclipse.platform.doc.user - 4.6.0.v20160606-1250
2016-10-12 11:16:35,116 - org.eclipse.search - 3.11.0.v20160519-1501
2016-10-12 11:16:35,116 - org.eclipse.team.core - 3.8.0.v20160418-1534
2016-10-12 11:16:35,117 - org.eclipse.team.ui - 3.8.0.v20160518-1906
2016-10-12 11:16:35,118 - org.eclipse.text - 3.6.0.v20160503-1849
2016-10-12 11:16:35,118 - org.eclipse.jface.text - 3.11.0.v20160505-1301
2016-10-12 11:16:35,119 - org.eclipse.jsch.core - 1.3.0.v20160422-1917
2016-10-12 11:16:35,120 - org.eclipse.jsch.ui - 1.3.0.v20160323-1650
2016-10-12 11:16:35,120 - org.eclipse.ui.console - 3.6.200.v20160518-1858
2016-10-12 11:16:35,121 - org.eclipse.ui.intro - 3.5.0.v20160509-1548
2016-10-12 11:16:35,122 - org.eclipse.ui.intro.universal - 3.3.0.v20160519-1604
2016-10-12 11:16:35,122 - org.eclipse.ui.cheatsheets - 3.5.0.v20160504-0839
2016-10-12 11:16:35,123 - org.eclipse.ui.browser - 3.5.0.v20160518-1929
2016-10-12 11:16:35,124 - org.eclipse.ui.monitoring - 1.1.0.v20160131-1628
2016-10-12 11:16:35,125 - org.eclipse.ui.navigator - 3.6.100.v20160518-1929
2016-10-12 11:16:35,125 - org.eclipse.ui.navigator.resources - 3.5.100.v20160518-1929
2016-10-12 11:16:35,126 - org.eclipse.ui.net - 1.3.0.v20160426-1633
2016-10-12 11:16:35,127 - org.eclipse.ui.workbench.texteditor - 3.10.0.v20160530-2011
2016-10-12 11:16:35,127 - org.eclipse.ui.views - 3.8.100.v20160518-1929
2016-10-12 11:16:35,128 - org.eclipse.ui.editors - 3.10.0.v20160505-0931
2016-10-12 11:16:35,129 - org.eclipse.ui.externaltools - 3.3.100.v20160518-1858
2016-10-12 11:16:35,131 - org.eclipse.ui.ide - 3.12.0.v20160601-1609
2016-10-12 11:16:35,131 - org.eclipse.ui.ide.application - 1.1.100.v20160518-1929
2016-10-12 11:16:35,132 - org.eclipse.ui.win32 - 3.3.0.v20160505-1310
2016-10-12 11:16:35,132 - org.eclipse.core.resources.win32.x86_64 - 3.5.0.v20140124-1940
2016-10-12 11:16:35,132 - org.eclipse.core.filesystem.win32.x86_64 - 1.4.0.v20140124-1940
2016-10-12 11:16:35,133 - org.eclipse.core.variables - 3.3.0.v20160419-1720
2016-10-12 11:16:35,133 - org.eclipse.ui.forms - 3.7.0.v20160518-1929
2016-10-12 11:16:35,134 - org.eclipse.ui.views.properties.tabbed - 3.7.0.v20160310-0903
2016-10-12 11:16:35,134 - org.eclipse.equinox.security - 1.2.200.v20150715-1528
2016-10-12 11:16:35,134 - org.eclipse.equinox.security.ui - 1.1.300.v20150803-1225
2016-10-12 11:16:35,135 - org.eclipse.equinox.security.win32.x86_64 - 1.0.100.v20130327-1442
2016-10-12 11:16:35,135 - org.eclipse.core.externaltools - 1.0.400.v20160509-1057
2016-10-12 11:16:35,135 - org.eclipse.ui.themes - 1.1.100.v20160411-1921
2016-10-12 11:16:35,136 - org.eclipse.core.runtime - 3.12.0.v20160606-1342
2016-10-12 11:16:35,137 - org.eclipse.ui.intro.quicklinks - 1.0.0.v20160515-0255
2016-10-12 11:16:35,148 - org.eclipse.dltk.core.index.lucene - 5.6.0.201608300412
2016-10-12 11:16:35,148 - org.eclipse.dltk.core.index - 5.6.0.201608300412
2016-10-12 11:16:35,151 - org.eclipse.emf.ecore.edit - 2.9.0.v20160526-0356
2016-10-12 11:16:35,152 - org.eclipse.emf.ecore.change.edit - 2.6.0.v20160526-0356
2016-10-12 11:16:35,155 - org.eclipse.wb.rcp - 1.9.0.201608250402
2016-10-12 11:16:35,156 - org.eclipse.wb.rcp.databinding - 1.9.0.201608250402
2016-10-12 11:16:35,156 - org.eclipse.wb.rcp.databinding.emf - 1.9.0.201608250402
2016-10-12 11:16:35,157 - org.eclipse.wb.rcp.nebula - 1.9.0.201608250402
2016-10-12 11:16:35,158 - org.eclipse.wb.rcp.swing2swt - 1.9.0.201608250402
2016-10-12 11:16:35,159 - org.eclipse.wb.swt.widgets.baseline - 1.9.0.201608250402
2016-10-12 11:16:35,161 - org.eclipse.sequoyah.vnc.protocol - 2.1.0.N20120718-0509
2016-10-12 11:16:35,164 - org.eclipse.emf.mapping.ecore - 2.6.0.v20160526-0356
2016-10-12 11:16:35,165 - org.eclipse.emf.mapping.ecore2ecore - 2.9.0.v20160526-0356
2016-10-12 11:16:35,165 - org.eclipse.emf.mapping.ecore2xml - 2.9.0.v20160526-0356
2016-10-12 11:16:35,168 - org.eclipse.datatools.enablement.ingres - 1.1.0.201603142002
2016-10-12 11:16:35,169 - org.eclipse.datatools.enablement.ingres.dbdefinition - 1.1.0.201603142002
2016-10-12 11:16:35,169 - org.eclipse.datatools.enablement.ingres.ui - 1.1.0.201603142002
2016-10-12 11:16:35,169 - org.eclipse.datatools.enablement.finfo - 1.6.0.201603142002
2016-10-12 11:16:35,171 - org.eclipse.andmore.traceview - 0.5.0.201605181018
2016-10-12 11:16:35,172 - org.eclipse.m2e.logback.configuration - 1.7.0.20160603-1933
2016-10-12 11:16:35,173 - org.eclipse.m2e.logback.appender - 1.7.0.20160603-1933
2016-10-12 11:16:35,175 - org.eclipse.emf.codegen - 2.11.0.v20160526-0356
2016-10-12 11:16:35,177 - org.eclipse.wst.dtd.ui - 1.0.801.v201308100602
2016-10-12 11:16:35,178 - org.eclipse.wst.dtd.ui.infopop - 1.0.400.v201309112106
2016-10-12 11:16:35,178 - org.eclipse.wst.sse.ui.infopop - 1.0.300.v201309112106
2016-10-12 11:16:35,179 - org.eclipse.wst.xml.ui.infopop - 1.0.400.v201309112106
2016-10-12 11:16:35,180 - org.eclipse.wst.sse.ui - 1.3.500.v201605120129
2016-10-12 11:16:35,180 - org.eclipse.wst.xml.ui - 1.1.700.v201604272318
2016-10-12 11:16:35,182 - org.eclipse.wst.xsd.ui - 1.2.600.v201511240159
2016-10-12 11:16:35,185 - org.eclipse.emf - 2.6.0.v20160526-0356
2016-10-12 11:16:35,188 - org.eclipse.datatools.doc.user - 1.7.0.20090521092446
2016-10-12 11:16:35,188 - org.eclipse.datatools.oda.cshelp - 1.2.0.201603142002
2016-10-12 11:16:35,188 - org.eclipse.datatools.help - 1.6.0.201603142002
2016-10-12 11:16:35,191 - org.eclipse.wb.layout.group - 1.9.0.201608250402
2016-10-12 11:16:35,194 - org.eclipse.wb.xwt - 1.9.0.201608250402
2016-10-12 11:16:35,195 - org.eclipse.wb.rcp.databinding.xwt - 1.9.0.201608250402
2016-10-12 11:16:35,197 - org.eclipse.draw2d - 3.10.100.201606061308
2016-10-12 11:16:35,200 - org.eclipse.andmore.gldebugger - 0.5.0.201605181018
2016-10-12 11:16:35,203 - org.eclipse.mylyn.hudson.core - 1.12.0.v20160524-1837
2016-10-12 11:16:35,204 - org.eclipse.mylyn.hudson.ui - 1.12.0.v20160421-2142
2016-10-12 11:16:35,207 - org.eclipse.epp.mpc.core - 1.5.0.v20160608-1457
2016-10-12 11:16:35,208 - org.eclipse.epp.mpc.ui - 1.5.0.v20160608-1804
2016-10-12 11:16:35,208 - org.eclipse.epp.mpc.help.ui - 1.5.0.v20160524-1910
2016-10-12 11:16:35,208 - org.apache.httpcomponents.httpclient - 4.3.6.v201511171540
2016-10-12 11:16:35,208 - org.apache.httpcomponents.httpcore - 4.3.3.v201411290715
2016-10-12 11:16:35,212 - org.eclipse.dltk.core - 5.6.0.201608300412
2016-10-12 11:16:35,214 - org.eclipse.dltk.ui - 5.6.0.201608300412
2016-10-12 11:16:35,215 - org.eclipse.dltk.debug - 5.6.0.201608300412
2016-10-12 11:16:35,216 - org.eclipse.dltk.debug.ui - 5.6.0.201608300412
2016-10-12 11:16:35,217 - org.eclipse.dltk.launching - 5.6.0.201608300412
2016-10-12 11:16:35,217 - org.eclipse.dltk.console - 5.6.0.201608300412
2016-10-12 11:16:35,218 - org.eclipse.dltk.console.ui - 5.6.0.201608300412
2016-10-12 11:16:35,218 - org.eclipse.dltk.validators.core - 5.6.0.201608300412
2016-10-12 11:16:35,219 - org.eclipse.dltk.validators.ui - 5.6.0.201608300412
2016-10-12 11:16:35,219 - org.eclipse.dltk - 5.6.0.201608300412
2016-10-12 11:16:35,220 - org.eclipse.dltk.testing - 5.6.0.201608300412
2016-10-12 11:16:35,220 - org.eclipse.dltk.validators.externalchecker - 5.6.0.201608300412
2016-10-12 11:16:35,221 - org.eclipse.dltk.formatter - 5.6.0.201608300412
2016-10-12 11:16:35,221 - org.eclipse.dltk.core.manipulation - 5.6.0.201608300412
2016-10-12 11:16:35,222 - org.eclipse.dltk.logconsole - 5.6.0.201608300412
2016-10-12 11:16:35,223 - org.eclipse.dltk.logconsole.ui - 5.6.0.201608300412
2016-10-12 11:16:35,223 - org.eclipse.dltk.annotations - 5.6.0.201608300412
2016-10-12 11:16:35,227 - org.eclipse.recommenders.snipmatch - 2.4.0.v20160607-1609
2016-10-12 11:16:35,227 - org.eclipse.recommenders.snipmatch.rcp - 2.4.0.v20160607-1609
2016-10-12 11:16:35,229 - org.eclipse.cdt.gdb - 7.0.0.201606062011
2016-10-12 11:16:35,229 - org.eclipse.cdt.gdb.ui - 7.0.0.201606062011
2016-10-12 11:16:35,231 - org.eclipse.pde - 3.12.0.v20160606-1100
2016-10-12 11:16:35,232 - org.eclipse.pde.build - 3.9.200.v20160204-0642
2016-10-12 11:16:35,233 - org.eclipse.pde.core - 3.11.0.v20160510-1223
2016-10-12 11:16:35,233 - org.eclipse.pde.junit.runtime - 3.5.0.v20151013-0625
2016-10-12 11:16:35,234 - org.eclipse.pde.runtime - 3.5.0.v20160418-1724
2016-10-12 11:16:35,235 - org.eclipse.pde.ui - 3.9.0.v20160525-1830
2016-10-12 11:16:35,235 - org.eclipse.pde.doc.user - 3.12.0.v20160601-2148
2016-10-12 11:16:35,236 - org.eclipse.pde.ui.templates - 3.6.0.v20160424-1948
2016-10-12 11:16:35,237 - org.eclipse.ui.views.log - 1.2.0.v20160418-1724
2016-10-12 11:16:35,237 - org.objectweb.asm - 5.0.1.v201404251740
2016-10-12 11:16:35,237 - org.objectweb.asm.tree - 5.0.1.v201404251740
2016-10-12 11:16:35,238 - org.eclipse.pde.api.tools - 1.1.0.v20160508-0834
2016-10-12 11:16:35,238 - org.eclipse.pde.api.tools.annotations - 1.0.100.v20160418-1724
2016-10-12 11:16:35,239 - org.eclipse.pde.api.tools.ui - 1.1.0.v20160519-0701
2016-10-12 11:16:35,239 - org.eclipse.pde.ds.core - 1.1.0.v20151201-1325
2016-10-12 11:16:35,239 - org.eclipse.pde.ds.ui - 1.1.0.v20160518-1843
2016-10-12 11:16:35,240 - org.eclipse.pde.launching - 3.6.400.v20160121-1248
2016-10-12 11:16:35,240 - org.eclipse.pde.ua.core - 1.0.500.v20160204-0642
2016-10-12 11:16:35,241 - org.eclipse.pde.ua.ui - 1.1.0.v20160518-1843
2016-10-12 11:16:35,241 - org.eclipse.ui.trace - 1.0.400.v20160509-1055
2016-10-12 11:16:35,242 - org.eclipse.pde.ds.annotations - 1.0.0.v20160525-1437
2016-10-12 11:16:35,245 - net.sourceforge.lpg.lpgjavaruntime - 1.1.0.v201004271650
2016-10-12 11:16:35,246 - org.eclipse.datatools.sqltools.parsers.sql.lexer - 1.1.0.201603142002
2016-10-12 11:16:35,246 - org.eclipse.datatools.sqltools.parsers.sql.query - 1.3.0.201603142002
2016-10-12 11:16:35,247 - org.eclipse.datatools.sqltools.parsers.sql.xml.query - 1.1.0.201603142002
2016-10-12 11:16:35,247 - org.eclipse.datatools.sqltools.parsers.sql - 1.1.0.201603142002
2016-10-12 11:16:35,250 - org.eclipse.mylyn.java.ui - 3.20.0.v20160421-1902
2016-10-12 11:16:35,250 - org.eclipse.mylyn.java.tasks - 3.20.0.v20160421-1902
2016-10-12 11:16:35,250 - org.eclipse.mylyn.ide.ui - 3.20.0.v20160421-1902
2016-10-12 11:16:35,251 - org.eclipse.mylyn.ide.ant - 3.20.0.v20160421-1902
2016-10-12 11:16:35,251 - org.eclipse.mylyn.debug.ui - 3.20.0.v20160421-1902
2016-10-12 11:16:35,253 - org.eclipse.datatools.sqltools.sql - 1.1.0.201603142002
2016-10-12 11:16:35,253 - org.eclipse.datatools.sqltools.common.ui - 1.1.0.201603142002
2016-10-12 11:16:35,253 - org.eclipse.datatools.sqltools.plan - 1.1.0.201603142002
2016-10-12 11:16:35,253 - org.eclipse.datatools.sqltools.editor.core - 1.1.0.201603142002
2016-10-12 11:16:35,253 - org.eclipse.datatools.sqltools.sqleditor - 1.1.0.201603142002
2016-10-12 11:16:35,253 - org.eclipse.datatools.sqltools.ddlgen.ui - 1.1.0.201603142002
2016-10-12 11:16:35,253 - org.eclipse.datatools.connectivity.db.generic - 1.1.0.201603142002
2016-10-12 11:16:35,253 - org.eclipse.datatools.sqltools.editor.core.ui - 1.1.0.201603142002
2016-10-12 11:16:35,253 - org.eclipse.datatools.sqltools.sql.ui - 1.1.0.201603142002
2016-10-12 11:16:35,256 - org.eclipse.mylyn.commons.repositories.core - 1.12.0.v20160421-1819
2016-10-12 11:16:35,256 - org.eclipse.mylyn.commons.repositories.ui - 1.12.0.v20160421-1819
2016-10-12 11:16:35,258 - org.eclipse.andmore.android.common - 0.5.0.201605181018
2016-10-12 11:16:35,259 - org.eclipse.andmore.android.codeutils - 0.5.0.201605181018
2016-10-12 11:16:35,260 - org.eclipse.andmore.android.translation - 0.5.0.201605181018
2016-10-12 11:16:35,260 - org.eclipse.andmore.android.codesnippets - 0.5.0.201605181018
2016-10-12 11:16:35,261 - org.eclipse.andmore.android.db.core - 0.5.0.201605181018
2016-10-12 11:16:35,261 - org.eclipse.andmore.android.logger - 0.5.0.201605181018
2016-10-12 11:16:35,262 - org.eclipse.andmore.android - 0.5.0.201605181018
2016-10-12 11:16:35,262 - org.eclipse.andmore.android.emulator - 0.5.0.201605181018
2016-10-12 11:16:35,263 - org.eclipse.andmore.android.launch - 0.5.0.201605181018
2016-10-12 11:16:35,263 - org.eclipse.andmore.android.packaging.ui - 0.5.0.201605181018
2016-10-12 11:16:35,264 - org.eclipse.andmore.android.handset - 0.5.0.201605181018
2016-10-12 11:16:35,265 - org.eclipse.andmore.android.remote - 0.5.0.201605181018
2016-10-12 11:16:35,265 - org.eclipse.andmore.android.win32.x86_64 - 0.5.0.201605181018
2016-10-12 11:16:35,266 - org.eclipse.andmore.android.mat - 0.5.0.201605181018
2016-10-12 11:16:35,266 - org.eclipse.andmore.android.devices.services - 0.5.0.201605181018
2016-10-12 11:16:35,267 - org.eclipse.andmore.android.db.devices - 0.5.0.201605181018
2016-10-12 11:16:35,267 - org.eclipse.andmore.android.installer - 0.5.0.201605181018
2016-10-12 11:16:35,268 - org.eclipse.andmore.android.logger.collector - 0.5.0.201605181018
2016-10-12 11:16:35,270 - org.eclipse.mylyn.monitor.core - 3.20.0.v20160421-1819
2016-10-12 11:16:35,270 - org.eclipse.mylyn.monitor.ui - 3.20.0.v20160421-1819
2016-10-12 11:16:35,272 - org.eclipse.wb.css - 1.9.0.201608250402
2016-10-12 11:16:35,274 - org.eclipse.wb.rcp.SWT_AWT - 1.9.0.201608250402
2016-10-12 11:16:35,276 - org.eclipse.sequoyah.vnc.vncviewer - 2.1.0.N20120718-0509
2016-10-12 11:16:35,279 - org.eclipse.emf.codegen.ecore.ui - 2.12.0.v20160526-0356
2016-10-12 11:16:35,282 - org.eclipse.emf.ecore.editor - 2.12.0.v20160526-0356
2016-10-12 11:16:35,284 - org.eclipse.epp.package.android - 4.6.0.20160613-1800
2016-10-12 11:16:35,286 - org.eclipse.mylyn.builds.core - 1.12.0.v20160421-2142
2016-10-12 11:16:35,287 - org.eclipse.mylyn.builds.ui - 1.12.0.v20160421-2142
2016-10-12 11:16:35,289 - org.eclipse.mylyn.context.core - 3.20.0.v20160421-1902
2016-10-12 11:16:35,290 - org.eclipse.mylyn.context.ui - 3.20.0.v20160421-1902
2016-10-12 11:16:35,290 - org.eclipse.mylyn.resources.ui - 3.20.0.v20160421-1902
2016-10-12 11:16:35,291 - org.eclipse.mylyn.context.tasks.ui - 3.20.0.v20160608-1905
2016-10-12 11:16:35,293 - org.eclipse.datatools.enablement.oracle.dbdefinition - 1.1.0.201603142002
2016-10-12 11:16:35,293 - org.eclipse.datatools.enablement.oracle - 1.1.0.201603142002
2016-10-12 11:16:35,294 - org.eclipse.datatools.enablement.oracle.ui - 1.1.0.201603142002
2016-10-12 11:16:35,294 - org.eclipse.datatools.enablement.finfo - 1.6.0.201603142002
2016-10-12 11:16:35,295 - org.eclipse.emf.databinding - 1.3.0.v20160526-0356
2016-10-12 11:16:35,297 - org.eclipse.wb.swing - 1.9.0.201608250402
2016-10-12 11:16:35,299 - org.eclipse.wb.swing.FormLayout.lib - 1.9.0.201608250402
2016-10-12 11:16:35,299 - org.eclipse.wb.swing.FormLayout - 1.9.0.201608250402
2016-10-12 11:16:35,300 - org.eclipse.wb.swing.MigLayout.lib - 1.9.0.201608250402
2016-10-12 11:16:35,301 - org.eclipse.wb.swing.MigLayout - 1.9.0.201608250402
2016-10-12 11:16:35,301 - org.eclipse.wb.swing.databinding - 1.9.0.201608250402
2016-10-12 11:16:35,302 - org.eclipse.wb.swing.jsr296 - 1.9.0.201608250402
2016-10-12 11:16:35,302 - org.eclipse.wb.swing.java6 - 1.9.0.201608250402
2016-10-12 11:16:35,305 - org.eclipse.datatools.enablement.sap.maxdb.dbdefinition - 1.1.0.201603142002
2016-10-12 11:16:35,306 - org.eclipse.datatools.enablement.sap.maxdb - 1.1.0.201603142002
2016-10-12 11:16:35,307 - org.eclipse.datatools.enablement.sap.maxdb.ui - 1.1.0.201603142002
2016-10-12 11:16:35,307 - org.eclipse.datatools.enablement.finfo - 1.6.0.201603142002
2016-10-12 11:16:35,310 - org.eclipse.oomph.setup - 1.4.0.v20160530-1355
2016-10-12 11:16:35,311 - org.eclipse.oomph.setup.edit - 1.4.0.v20160426-0423
2016-10-12 11:16:35,311 - org.eclipse.oomph.setup.core - 1.4.0.v20160530-1200
2016-10-12 11:16:35,311 - org.eclipse.oomph.setup.sync - 1.4.0.v20160426-0423
2016-10-12 11:16:35,312 - org.eclipse.oomph.setup.p2 - 1.4.0.v20160530-1200
2016-10-12 11:16:35,313 - org.eclipse.oomph.setup.p2.edit - 1.4.0.v20160426-0423
2016-10-12 11:16:35,313 - org.eclipse.oomph.preferences - 1.4.0.v20160426-0423
2016-10-12 11:16:35,314 - org.eclipse.oomph.jreinfo - 1.4.0.v20160519-0740
2016-10-12 11:16:35,315 - org.eclipse.oomph.jreinfo.win32.x86_64 - 1.2.0.v20160426-0508
2016-10-12 11:16:35,315 - org.eclipse.oomph.extractor.lib - 1.2.0.v20160519-0740
2016-10-12 11:16:35,315 - org.apache.commons.logging - 1.1.1.v201101211721
2016-10-12 11:16:35,315 - org.apache.commons.codec - 1.6.0.v201305230611
2016-10-12 11:16:35,315 - org.apache.httpcomponents.httpclient - 4.3.6.v201511171540
2016-10-12 11:16:35,315 - org.apache.httpcomponents.httpcore - 4.3.3.v201411290715
2016-10-12 11:16:35,316 - org.eclipse.userstorage - 1.0.0.v20160524-0709
2016-10-12 11:16:35,317 - org.eclipse.userstorage.ui - 1.0.0.v20151216-0912
