2016-10-12 11:16:35,318 [main] DEBUG class java.lang.Class - Starting Andmore Common Plugin...
2016-10-12 11:16:35,318 [main] DEBUG class java.lang.Class - Andmore Common Plugin started.
2016-10-12 11:16:35,320 [main] DEBUG class java.lang.Class - Starting Andmore Plugin...
2016-10-12 11:16:35,322 [main] DEBUG class java.lang.Class - Andmore Plugin started.
2016-10-12 11:16:36,641 [main] DEBUG class java.lang.Class - Starting Andmore Emulator Plugin...
2016-10-12 11:16:36,702 [main] DEBUG class java.lang.Class - Andmore Emulator Plugin started.
2016-10-12 11:16:36,706 [main] DEBUG class java.lang.Class - Starting Andmore Handset Plugin...
2016-10-12 11:16:36,706 [main] DEBUG class java.lang.Class - Andmore Handset Plugin started.
2016-10-12 11:16:36,711 [main] DEBUG class java.lang.Class - Starting Andmore Remote Device Plugin...
2016-10-12 11:16:36,711 [main] DEBUG class java.lang.Class - Starting Andmore Remote Device Plugin started.
2016-10-12 11:16:36,719 [main] DEBUG class java.lang.Class - Starting Andmore Device Services Plugin...
2016-10-12 11:16:36,719 [main] DEBUG class java.lang.Class - Andmore Device Services Plugin started.
2016-10-12 11:16:36,789 [Instance Event Manager] INFO  Studio for Android - The android device instance status was updated: AVD_for_Nexus_5_by_Google Status: OFF
2016-10-12 11:16:36,792 [Instance Event Manager] INFO  Studio for Android - The android device instance status was updated: Nexus_5_API_24 Status: OFF
2016-10-12 11:16:36,794 [Instance Event Manager] INFO  Studio for Android - The android device instance status was updated: Nexus_5X_API_23 Status: OFF
2016-10-12 11:16:36,794 [Instance Event Manager] INFO  Studio for Android - The android device instance status was updated: NEXUS_API_24_API_24 Status: OFF
2016-10-12 11:16:36,794 [Instance Event Manager] INFO  Studio for Android - The android device instance status was updated: AVD1 Status: OFF
2016-10-12 11:16:36,797 [Instance Event Manager] INFO  Studio for Android - The android device instance status was updated: AVD_for_Nexus_5_by_Google Status: org.eclipse.andmore.android.emulator.status.notavailable
2016-10-12 11:16:36,797 [Instance Event Manager] INFO  Studio for Android - The android device instance status was updated: Nexus_5_API_24 Status: org.eclipse.andmore.android.emulator.status.notavailable
2016-10-12 11:16:36,797 [Instance Event Manager] INFO  Studio for Android - The android device instance status was updated: Nexus_5X_API_23 Status: org.eclipse.andmore.android.emulator.status.notavailable
2016-10-12 11:16:36,797 [Instance Event Manager] INFO  Studio for Android - The android device instance status was updated: NEXUS_API_24_API_24 Status: org.eclipse.andmore.android.emulator.status.notavailable
2016-10-12 11:16:36,797 [Instance Event Manager] INFO  Studio for Android - The android device instance status was updated: AVD1 Status: org.eclipse.andmore.android.emulator.status.notavailable
2016-10-12 11:16:36,835 [main] ERROR Studio for Android - Handler could not be instanced(PLUGIN=org.eclipse.sequoyah.device.framework;ERROR=202)
2016-10-12 11:16:36,836 [main] ERROR Studio for Android - Handler could not be instanced(PLUGIN=org.eclipse.sequoyah.device.framework;ERROR=202)
2016-10-12 11:16:36,836 [main] ERROR Studio for Android - Handler could not be instanced(PLUGIN=org.eclipse.sequoyah.device.framework;ERROR=202)
2016-10-12 11:16:36,836 [main] ERROR Studio for Android - Handler could not be instanced(PLUGIN=org.eclipse.sequoyah.device.framework;ERROR=202)
2016-10-12 11:16:36,836 [main] ERROR Studio for Android - Handler could not be instanced(PLUGIN=org.eclipse.sequoyah.device.framework;ERROR=202)
2016-10-12 11:16:36,836 [main] ERROR Studio for Android - Handler could not be instanced(PLUGIN=org.eclipse.sequoyah.device.framework;ERROR=202)
2016-10-12 11:16:36,836 [main] ERROR Studio for Android - Handler could not be instanced(PLUGIN=org.eclipse.sequoyah.device.framework;ERROR=202)
2016-10-12 11:16:36,836 [main] ERROR Studio for Android - Handler could not be instanced(PLUGIN=org.eclipse.sequoyah.device.framework;ERROR=202)
2016-10-12 11:16:36,836 [main] ERROR Studio for Android - Handler could not be instanced(PLUGIN=org.eclipse.sequoyah.device.framework;ERROR=202)
2016-10-12 11:16:36,836 [main] ERROR Studio for Android - Handler could not be instanced(PLUGIN=org.eclipse.sequoyah.device.framework;ERROR=202)
2016-10-12 11:16:36,837 [main] ERROR Studio for Android - Handler could not be instanced(PLUGIN=org.eclipse.sequoyah.device.framework;ERROR=202)
2016-10-12 11:16:36,837 [main] ERROR Studio for Android - Handler could not be instanced(PLUGIN=org.eclipse.sequoyah.device.framework;ERROR=202)
2016-10-12 11:16:36,837 [main] ERROR Studio for Android - Handler could not be instanced(PLUGIN=org.eclipse.sequoyah.device.framework;ERROR=202)
2016-10-12 11:16:36,837 [main] ERROR Studio for Android - Handler could not be instanced(PLUGIN=org.eclipse.sequoyah.device.framework;ERROR=202)
2016-10-12 11:16:36,837 [main] ERROR Studio for Android - Handler could not be instanced(PLUGIN=org.eclipse.sequoyah.device.framework;ERROR=202)
2016-10-12 11:16:36,837 [main] ERROR Studio for Android - Handler could not be instanced(PLUGIN=org.eclipse.sequoyah.device.framework;ERROR=202)
2016-10-12 11:16:36,837 [main] ERROR Studio for Android - Handler could not be instanced(PLUGIN=org.eclipse.sequoyah.device.framework;ERROR=202)
2016-10-12 11:16:36,837 [main] ERROR Studio for Android - Handler could not be instanced(PLUGIN=org.eclipse.sequoyah.device.framework;ERROR=202)
2016-10-12 11:16:36,837 [main] ERROR Studio for Android - Handler could not be instanced(PLUGIN=org.eclipse.sequoyah.device.framework;ERROR=202)
2016-10-12 11:16:36,837 [main] ERROR Studio for Android - Handler could not be instanced(PLUGIN=org.eclipse.sequoyah.device.framework;ERROR=202)
2016-10-12 11:16:39,185 [main] DEBUG class java.lang.Class - Starting DDMS facade using listener...
2016-10-12 11:16:39,192 [main] DEBUG class java.lang.Class - DDMS facade started using listener.
2016-10-12 11:16:41,086 [Worker-0] DEBUG class org.eclipse.andmore.android.AndroidPlugin - Notify SDK loader listeners
2016-10-12 11:16:41,518 [Instance Event Manager] INFO  Studio for Android - The android device instance status was updated: AVD_for_Nexus_5_by_Google Status: org.eclipse.andmore.android.emulator.status.offline
2016-10-12 11:16:41,573 [Instance Event Manager] INFO  Studio for Android - The android device instance status was updated: AVD1 Status: org.eclipse.andmore.android.emulator.status.offline
2016-10-12 11:16:41,818 [Worker-4] DEBUG class org.eclipse.andmore.android.AndroidPlugin - Notify SDK loader listeners
2016-10-12 11:16:41,953 [Device List Monitor] DEBUG Studio for Android - Device connected: emulator-5554
2016-10-12 11:16:46,135 [Worker-6] INFO  Studio for Android - [Status: id=org.eclipse.andmore.android.emulator.status.offline;name=Offline]
2016-10-12 11:16:46,135 [Worker-6] INFO  Studio for Android - [Status: id=org.eclipse.andmore.android.handset.status.handsetonline;name=Online]
2016-10-12 11:16:46,135 [Worker-6] INFO  Studio for Android - [Status: id=INACTIVE;name=INACTIVE]
2016-10-12 11:16:46,135 [Worker-6] INFO  Studio for Android - [Status: id=org.eclipse.andmore.android.emulator.status.notavailable;name=Not available]
2016-10-12 11:16:46,135 [Worker-6] INFO  Studio for Android - [Status: id=IDLE;name=IDLE]
2016-10-12 11:16:46,135 [Worker-6] INFO  Studio for Android - [Status: id=org.eclipse.andmore.android.remote.status.connected;name=Connected]
2016-10-12 11:16:46,135 [Worker-6] INFO  Studio for Android - [Status: id=org.eclipse.andmore.android.remote.status.disconnected;name=Disconnected]
2016-10-12 11:16:46,135 [Worker-6] INFO  Studio for Android - [Status: id=org.eclipse.andmore.android.emulator.status.online;name=Online]
2016-10-12 11:16:46,135 [Worker-6] INFO  Studio for Android - [Status: id=OFF;name=OFF]
2016-10-12 11:16:46,135 [Worker-6] INFO  Studio for Android - [Status: id=org.eclipse.andmore.android.emulator.status.offlineNoData;name=Offline (no user data)]
2016-10-12 11:16:48,680 [Device List Monitor] INFO  Studio for Android - New Device connected at emulator-5554
2016-10-12 11:16:48,941 [Thread-18] DEBUG Studio for Android - Completely Up Device: emulator-5554
2016-10-12 11:26:00,372 [main] DEBUG class java.lang.Class - Starting Eclipse Andmore Database Core Plugin...
2016-10-12 11:26:00,432 [main] DEBUG Studio for Android - JDBC Driver Location:bundleentry://69.fwk408132785/res/androidjdbc.jar JDBC Driver getBundle().getLocation():reference:file:plugins/org.eclipse.andmore.android.common_0.5.0.201605181018.jar
2016-10-12 11:26:00,432 [main] DEBUG Studio for Android - JDBC Driver Path:C:\Program Files (x86)\eclipse\configuration\org.eclipse.osgi\69\0\.cp\res\androidjdbc.jar
2016-10-12 11:26:00,432 [main] DEBUG Studio for Android - JDBC Driver Location:bundleentry://69.fwk408132785/res/androidjdbc.jar JDBC Driver getBundle().getLocation():reference:file:plugins/org.eclipse.andmore.android.common_0.5.0.201605181018.jar
2016-10-12 11:26:00,432 [main] DEBUG Studio for Android - JDBC Driver Path:C:\Program Files (x86)\eclipse\configuration\org.eclipse.osgi\69\0\.cp\res\androidjdbc.jar
2016-10-12 11:26:00,443 [main] INFO  Studio for Android - Created a JDBC driver instance at Data Tools.
2016-10-12 11:26:00,448 [main] DEBUG class java.lang.Class - Eclipse Andmore Database Core Plugin started.
2016-10-12 11:26:00,449 [main] DEBUG class java.lang.Class - Starting Eclipse Andmore Database Devices Support Plugin...
2016-10-12 11:26:00,451 [main] DEBUG class java.lang.Class - Eclipse Andmore Database Devices Support Plugin started...
2016-10-12 11:26:01,847 [Framework stop] DEBUG Studio for Android - org.eclipse.sequoyah.device.service.start.StartServicePlugin-SHUTDOWN
2016-10-12 11:26:01,860 [Framework stop] DEBUG Studio for Android - org.eclipse.sequoyah.device.framework.ui.DeviceUIPlugin-SHUTDOWN
2016-10-12 11:26:01,860 [Framework stop] DEBUG Studio for Android - org.eclipse.sequoyah.device.service.stop.StopServicePlugin-SHUTDOWN
2016-10-12 11:26:01,860 [Framework stop] DEBUG Studio for Android - org.eclipse.sequoyah.device.framework.DevicePlugin-SHUTDOWN
